<?xml version="1.0" encoding="UTF-8"?>
<!-- Generated by org.testng.reporters.JUnitReportReporter -->
<testsuite hostname="CSGBTPWS011" failures="0" tests="6" name="Creative.TestRunners.TestRunnerTEST" time="21.638" errors="0" timestamp="2023-08-16T17:55:18 IST" skipped="0">
  <testcase classname="Creative.TestRunners.TestRunnerTEST" name="runScenario" time="4.077"/>
  <testcase classname="Creative.TestRunners.TestRunnerTEST" name="runScenario" time="1.810"/>
  <testcase classname="Creative.TestRunners.TestRunnerTEST" name="runScenario" time="7.915"/>
  <testcase classname="Creative.TestRunners.TestRunnerTEST" name="runScenario" time="1.797"/>
  <testcase classname="Creative.TestRunners.TestRunnerTEST" name="runScenario" time="2.979"/>
  <testcase classname="Creative.TestRunners.TestRunnerTEST" name="runScenario" time="3.060"/>
</testsuite> <!-- Creative.TestRunners.TestRunnerTEST -->
