<?xml version="1.0" encoding="UTF-8"?>
<!-- Generated by org.testng.reporters.JUnitReportReporter -->
<testsuite hostname="CSGBTPWS092" failures="0" tests="3" name="DemoWebShop.TestRunners.Cross_Browser_Parallel_Property_Runner_01_8" time="259.566" errors="0" timestamp="09 Aug 2023 11:30:26 GMT" skipped="0">
  <testcase classname="DemoWebShop.TestRunners.Cross_Browser_Parallel_Property_Runner_01_8" name="runScenario" time="107.932"/>
  <testcase classname="DemoWebShop.TestRunners.Cross_Browser_Parallel_Property_Runner_01_8" name="runScenario" time="67.251"/>
  <testcase classname="DemoWebShop.TestRunners.Cross_Browser_Parallel_Property_Runner_01_8" name="runScenario" time="84.383"/>
</testsuite> <!-- DemoWebShop.TestRunners.Cross_Browser_Parallel_Property_Runner_01_8 -->
