<?xml version="1.0" encoding="UTF-8"?>
<!-- Generated by org.testng.reporters.JUnitReportReporter -->
<testsuite hostname="CSGBTPLT703" failures="0" tests="3" name="ui.creative.dynamictestrunners.Cross_Browser_Parallel_Property_Runner_01_2" time="55.970" errors="0" timestamp="2024-12-02T16:17:41 IST" skipped="0">
  <testcase classname="ui.creative.dynamictestrunners.Cross_Browser_Parallel_Property_Runner_01_2" name="runScenario" time="20.711"/>
  <system-out/>
  <testcase classname="ui.creative.dynamictestrunners.Cross_Browser_Parallel_Property_Runner_01_2" name="runScenario" time="17.648"/>
  <system-out/>
  <testcase classname="ui.creative.dynamictestrunners.Cross_Browser_Parallel_Property_Runner_01_2" name="runScenario" time="17.611"/>
  <system-out/>
</testsuite> <!-- ui.creative.dynamictestrunners.Cross_Browser_Parallel_Property_Runner_01_2 -->
