<?xml version="1.0" encoding="UTF-8"?>
<!-- Generated by org.testng.reporters.JUnitReportReporter -->
<testsuite hostname="CSGBTPWS092" failures="0" tests="4" name="DemoWebShop.TestRunners.Cross_Browser_Parallel_Property_Runner_02" time="89.065" errors="0" timestamp="04 Aug 2023 05:52:16 GMT" skipped="0">
  <testcase classname="DemoWebShop.TestRunners.Cross_Browser_Parallel_Property_Runner_02" name="runScenario" time="29.125"/>
  <testcase classname="DemoWebShop.TestRunners.Cross_Browser_Parallel_Property_Runner_02" name="runScenario" time="36.407"/>
  <testcase classname="DemoWebShop.TestRunners.Cross_Browser_Parallel_Property_Runner_02" name="executeFirstTag" time="0.001"/>
  <testcase classname="DemoWebShop.TestRunners.Cross_Browser_Parallel_Property_Runner_02" name="runScenario" time="23.532"/>
</testsuite> <!-- DemoWebShop.TestRunners.Cross_Browser_Parallel_Property_Runner_02 -->
