<?xml version="1.0" encoding="UTF-8"?>
<!-- Generated by org.testng.reporters.JUnitReportReporter -->
<testsuite hostname="CSGBTPWS092" failures="0" tests="3" name="DemoWebShop.TestRunners.ParameterisedRunner" time="44.786" errors="0" timestamp="03 Aug 2023 04:55:15 GMT" skipped="0">
  <testcase classname="DemoWebShop.TestRunners.ParameterisedRunner" name="runScenario" time="15.742"/>
  <testcase classname="DemoWebShop.TestRunners.ParameterisedRunner" name="runScenario" time="10.754"/>
  <testcase classname="DemoWebShop.TestRunners.ParameterisedRunner" name="runScenario" time="18.290"/>
</testsuite> <!-- DemoWebShop.TestRunners.ParameterisedRunner -->
