<?xml version="1.0" encoding="UTF-8"?>
<!-- Generated by org.testng.reporters.JUnitReportReporter -->
<testsuite hostname="CSGBTPWS092" failures="0" tests="1" name="DemoWebShop.TestRunners.Property_Runner2" time="32.028" errors="0" timestamp="03 Aug 2023 05:49:52 GMT" skipped="0">
  <testcase classname="DemoWebShop.TestRunners.Property_Runner2" name="runScenario" time="32.028"/>
</testsuite> <!-- DemoWebShop.TestRunners.Property_Runner2 -->
