<?xml version="1.0" encoding="UTF-8"?>
<!-- Generated by org.testng.reporters.JUnitReportReporter -->
<testsuite hostname="CSGBTPWS011" failures="0" tests="6" name="com.creative.runners.TestRunnerTEST" time="22.239" errors="0" timestamp="2023-08-16T14:58:42 IST" skipped="0">
  <testcase classname="com.creative.runners.TestRunnerTEST" name="runScenario" time="1.779"/>
  <testcase classname="com.creative.runners.TestRunnerTEST" name="runScenario" time="3.095"/>
  <testcase classname="com.creative.runners.TestRunnerTEST" name="runScenario" time="3.203"/>
  <testcase classname="com.creative.runners.TestRunnerTEST" name="runScenario" time="8.342"/>
  <testcase classname="com.creative.runners.TestRunnerTEST" name="runScenario" time="3.995"/>
  <testcase classname="com.creative.runners.TestRunnerTEST" name="runScenario" time="1.825"/>
</testsuite> <!-- com.creative.runners.TestRunnerTEST -->
