<?xml version="1.0" encoding="UTF-8"?>
<!-- Generated by org.testng.reporters.JUnitReportReporter -->
<testsuite hostname="CSGBTPWS092" failures="0" tests="1" name="DemoWebShop.TestRunners.DWS_UI_Runner_INT001" time="13.675" errors="0" timestamp="03 Aug 2023 06:24:54 GMT" skipped="0">
  <testcase classname="DemoWebShop.TestRunners.DWS_UI_Runner_INT001" name="runScenario" time="13.675"/>
</testsuite> <!-- DemoWebShop.TestRunners.DWS_UI_Runner_INT001 -->
