<?xml version="1.0" encoding="UTF-8"?>
<!-- Generated by org.testng.reporters.JUnitReportReporter -->
<testsuite hostname="CSGBTPLT703" failures="0" tests="1" name="ui.creative.testrunners.DWS_UI_Runner_INT001" time="25.993" errors="0" timestamp="2024-12-03T14:49:32 IST" skipped="0">
  <testcase classname="ui.creative.testrunners.DWS_UI_Runner_INT001" name="runScenario" time="25.993"/>
  <system-out/>
</testsuite> <!-- ui.creative.testrunners.DWS_UI_Runner_INT001 -->
