<?xml version="1.0" encoding="UTF-8"?>
<!-- Generated by org.testng.reporters.JUnitReportReporter -->
<testsuite hostname="CSGBTPLT703" failures="0" tests="3" name="ui.creative.dynamictestrunners.Cross_Browser_Parallel_Property_Runner_01_1" time="37.879" errors="0" timestamp="2024-12-02T16:17:41 IST" skipped="0">
  <testcase classname="ui.creative.dynamictestrunners.Cross_Browser_Parallel_Property_Runner_01_1" name="runScenario" time="15.398"/>
  <system-out/>
  <testcase classname="ui.creative.dynamictestrunners.Cross_Browser_Parallel_Property_Runner_01_1" name="runScenario" time="10.763"/>
  <system-out/>
  <testcase classname="ui.creative.dynamictestrunners.Cross_Browser_Parallel_Property_Runner_01_1" name="runScenario" time="11.718"/>
  <system-out/>
</testsuite> <!-- ui.creative.dynamictestrunners.Cross_Browser_Parallel_Property_Runner_01_1 -->
