<?xml version="1.0" encoding="UTF-8"?>
<!-- Generated by org.testng.reporters.JUnitReportReporter -->
<testsuite hostname="CSGBTPWS092" failures="0" tests="4" name="DemoWebShop.TestRunners.Cross_Browser_Parallel_Property_Runner_01" time="99.192" errors="0" timestamp="04 Aug 2023 05:52:17 GMT" skipped="0">
  <testcase classname="DemoWebShop.TestRunners.Cross_Browser_Parallel_Property_Runner_01" name="runScenario" time="25.436"/>
  <testcase classname="DemoWebShop.TestRunners.Cross_Browser_Parallel_Property_Runner_01" name="runScenario" time="41.424"/>
  <testcase classname="DemoWebShop.TestRunners.Cross_Browser_Parallel_Property_Runner_01" name="executeFirstTag" time="0.001"/>
  <testcase classname="DemoWebShop.TestRunners.Cross_Browser_Parallel_Property_Runner_01" name="runScenario" time="32.331"/>
</testsuite> <!-- DemoWebShop.TestRunners.Cross_Browser_Parallel_Property_Runner_01 -->
