<?xml version="1.0" encoding="UTF-8"?>
<!-- Generated by org.testng.reporters.JUnitReportReporter -->
<testsuite hostname="CSGBTPLT703" failures="0" tests="1" name="ui.creative.testrunners.Test_Runner_Docker" time="20.314" errors="0" timestamp="2024-12-02T16:15:35 IST" skipped="0">
  <testcase classname="ui.creative.testrunners.Test_Runner_Docker" name="runScenario" time="20.314"/>
  <system-out/>
</testsuite> <!-- ui.creative.testrunners.Test_Runner_Docker -->
