<?xml version="1.0" encoding="UTF-8"?>
<!-- Generated by org.testng.reporters.JUnitReportReporter -->
<testsuite hostname="CSGBTPWS092" failures="0" tests="4" name="DemoWebShop.TestRunners.Cross_Browser_Parallel_Property_Runner_03" time="86.689" errors="0" timestamp="04 Aug 2023 05:52:16 GMT" skipped="0">
  <testcase classname="DemoWebShop.TestRunners.Cross_Browser_Parallel_Property_Runner_03" name="runScenario" time="23.777"/>
  <testcase classname="DemoWebShop.TestRunners.Cross_Browser_Parallel_Property_Runner_03" name="runScenario" time="28.939"/>
  <testcase classname="DemoWebShop.TestRunners.Cross_Browser_Parallel_Property_Runner_03" name="executeFirstTag" time="0.001"/>
  <testcase classname="DemoWebShop.TestRunners.Cross_Browser_Parallel_Property_Runner_03" name="runScenario" time="33.972"/>
</testsuite> <!-- DemoWebShop.TestRunners.Cross_Browser_Parallel_Property_Runner_03 -->
