<?xml version="1.0" encoding="UTF-8"?>
<!-- Generated by org.testng.reporters.JUnitReportReporter -->
<testsuite hostname="CSGBTPWS092" failures="0" tests="1" name="DemoWebShop.TestRunners.DWS_UI_Runner_INT002" time="16.038" errors="0" timestamp="01 Aug 2023 03:58:13 GMT" skipped="0">
  <testcase classname="DemoWebShop.TestRunners.DWS_UI_Runner_INT002" name="runScenario" time="16.038"/>
</testsuite> <!-- DemoWebShop.TestRunners.DWS_UI_Runner_INT002 -->
