<?xml version="1.0" encoding="UTF-8"?>
<!-- Generated by org.testng.reporters.JUnitReportReporter -->
<testsuite hostname="CSGBTPWS011" failures="0" tests="1" name="DemoWebShop.TestRunners.DWS_UI_Runner_INT001" time="10.017" errors="0" timestamp="2023-08-16T15:45:56 IST" skipped="0">
  <testcase classname="DemoWebShop.TestRunners.DWS_UI_Runner_INT001" name="runScenario" time="10.017"/>
</testsuite> <!-- DemoWebShop.TestRunners.DWS_UI_Runner_INT001 -->
