<?xml version="1.0" encoding="UTF-8"?>
<!-- Generated by org.testng.reporters.JUnitReportReporter -->
<testsuite hostname="CSGBTPWS092" failures="0" tests="1" name="DemoWebShop.testcomponents.BaseTest" time="0.017" errors="0" timestamp="07 Jun 2023 05:24:09 GMT" skipped="0">
  <testcase classname="DemoWebShop.testcomponents.BaseTest" name="setUpEnvironment" time="0.017"/>
</testsuite> <!-- DemoWebShop.testcomponents.BaseTest -->
